<?xml version="1.0" encoding="UTF-8"?>
<!-- Generated by org.testng.reporters.JUnitReportReporter -->
<testsuite hostname="DESKTOP-1U92PBD" failures="0" tests="1" name="rough.roughbbc" time="6.526" errors="0" timestamp="2023-01-07T15:47:40 CST" skipped="0">
  <testcase classname="rough.roughbbc" name="run" time="6.526"/>
  <system-out/>
</testsuite> <!-- rough.roughbbc -->
