<?xml version="1.0" encoding="UTF-8"?>
<!-- Generated by org.testng.reporters.JUnitReportReporter -->
<testsuite hostname="DESKTOP-1U92PBD" failures="0" tests="1" name="Test.HomeTest" time="2.218" errors="0" timestamp="2023-01-09T12:14:43 CST" skipped="0">
  <testcase classname="Test.HomeTest" name="run" time="2.218"/>
  <system-out/>
</testsuite> <!-- Test.HomeTest -->
